<?xml version="1.0" encoding="UTF-8"?>
<!-- Generated by org.testng.reporters.JUnitXMLReporter -->
<testsuite ignored="0" hostname="DESKTOP-4F71TNA" failures="0" tests="4" name="Default test" time="92.105" errors="0" timestamp="2023-07-31T19:30:41 IST">
  <testcase classname="com.test.Ecommerce" name="LaunchChrome" time="2.014"/>
  <testcase classname="com.test.Ecommerce" name="firefoxTest" time="39.625"/>
  <testcase classname="com.test.Ecommerce" name="LaunchFirefox" time="6.004"/>
  <testcase classname="com.test.Ecommerce" name="chromeTest" time="44.376"/>
</testsuite> <!-- Default test -->
